<?xml version="1.0" encoding="UTF-8"?>
<coverage generated="1767336888046" clover="3.2.0">
  <project timestamp="1767336888046" name="All files">
    <metrics statements="59" coveredstatements="44" conditionals="40" coveredconditionals="28" methods="11" coveredmethods="7" elements="110" coveredelements="79" complexity="0" loc="59" ncloc="59" packages="2" files="3" classes="3"/>
    <package name="api">
      <metrics statements="9" coveredstatements="8" conditionals="6" coveredconditionals="4" methods="2" coveredmethods="2"/>
      <file name="health.js" path="C:\Users\ChrisFro\Desktop\EmoGini\softomedia-live2026\ad-server\src\api\health.js">
        <metrics statements="9" coveredstatements="8" conditionals="6" coveredconditionals="4" methods="2" coveredmethods="2"/>
        <line num="4" count="1" type="stmt"/>
        <line num="6" count="1" type="stmt"/>
        <line num="12" count="1" type="stmt"/>
        <line num="13" count="2" type="stmt"/>
        <line num="14" count="2" type="stmt"/>
        <line num="17" count="2" type="stmt"/>
        <line num="22" count="3" type="stmt"/>
        <line num="24" count="2" type="stmt"/>
        <line num="39" count="0" type="stmt"/>
      </file>
    </package>
    <package name="utils">
      <metrics statements="50" coveredstatements="36" conditionals="34" coveredconditionals="24" methods="9" coveredmethods="5"/>
      <file name="ResilienceUtility.js" path="C:\Users\ChrisFro\Desktop\EmoGini\softomedia-live2026\ad-server\src\utils\ResilienceUtility.js">
        <metrics statements="39" coveredstatements="30" conditionals="24" coveredconditionals="17" methods="7" coveredmethods="5"/>
        <line num="17" count="2" type="stmt"/>
        <line num="20" count="2" type="stmt"/>
        <line num="21" count="4" type="stmt"/>
        <line num="22" count="4" type="stmt"/>
        <line num="24" count="3" type="stmt"/>
        <line num="25" count="3" type="cond" truecount="2" falsecount="0"/>
        <line num="27" count="2" type="stmt"/>
        <line num="32" count="2" type="stmt"/>
        <line num="37" count="2" type="cond" truecount="1" falsecount="1"/>
        <line num="38" count="2" type="stmt"/>
        <line num="41" count="1" type="stmt"/>
        <line num="49" count="2" type="stmt"/>
        <line num="50" count="2" type="cond" truecount="2" falsecount="0"/>
        <line num="51" count="2" type="cond" truecount="2" falsecount="0"/>
        <line num="53" count="2" type="stmt"/>
        <line num="54" count="2" type="stmt"/>
        <line num="55" count="2" type="stmt"/>
        <line num="59" count="3" type="cond" truecount="2" falsecount="0"/>
        <line num="60" count="1" type="stmt"/>
        <line num="61" count="1" type="cond" truecount="1" falsecount="1"/>
        <line num="62" count="0" type="stmt"/>
        <line num="63" count="0" type="stmt"/>
        <line num="65" count="1" type="stmt"/>
        <line num="69" count="2" type="stmt"/>
        <line num="70" count="2" type="stmt"/>
        <line num="71" count="0" type="stmt"/>
        <line num="72" count="0" type="stmt"/>
        <line num="74" count="2" type="stmt"/>
        <line num="75" count="2" type="stmt"/>
        <line num="80" count="0" type="cond" truecount="0" falsecount="2"/>
        <line num="81" count="0" type="stmt"/>
        <line num="83" count="0" type="stmt"/>
        <line num="84" count="0" type="stmt"/>
        <line num="88" count="2" type="stmt"/>
        <line num="89" count="2" type="stmt"/>
        <line num="91" count="2" type="cond" truecount="4" falsecount="0"/>
        <line num="92" count="1" type="stmt"/>
        <line num="93" count="1" type="stmt"/>
        <line num="101" count="0" type="stmt"/>
      </file>
      <file name="logger.js" path="C:\Users\ChrisFro\Desktop\EmoGini\softomedia-live2026\ad-server\src\utils\logger.js">
        <metrics statements="11" coveredstatements="6" conditionals="10" coveredconditionals="7" methods="2" coveredmethods="0"/>
        <line num="4" count="1" type="stmt"/>
        <line num="10" count="1" type="stmt"/>
        <line num="22" count="1" type="cond" truecount="3" falsecount="1"/>
        <line num="23" count="1" type="stmt"/>
        <line num="29" count="1" type="stmt"/>
        <line num="41" count="1" type="stmt"/>
        <line num="42" count="0" type="stmt"/>
        <line num="43" count="0" type="stmt"/>
        <line num="44" count="0" type="stmt"/>
        <line num="45" count="0" type="stmt"/>
        <line num="54" count="0" type="stmt"/>
      </file>
    </package>
  </project>
</coverage>
