TN:
SF:routes\ghost-api.js
FN:14,(anonymous_0)
FN:31,(anonymous_1)
FN:66,(anonymous_2)
FN:86,(anonymous_3)
FN:124,(anonymous_4)
FN:202,(anonymous_5)
FN:203,(anonymous_6)
FN:239,(anonymous_7)
FN:244,(anonymous_8)
FN:252,(anonymous_9)
FN:261,(anonymous_10)
FN:279,(anonymous_11)
FN:322,(anonymous_12)
FN:377,(anonymous_13)
FN:408,(anonymous_14)
FN:468,(anonymous_15)
FN:477,(anonymous_16)
FN:482,(anonymous_17)
FNF:18
FNH:10
FNDA:1,(anonymous_0)
FNDA:3,(anonymous_1)
FNDA:3,(anonymous_2)
FNDA:5,(anonymous_3)
FNDA:2,(anonymous_4)
FNDA:3,(anonymous_5)
FNDA:0,(anonymous_6)
FNDA:2,(anonymous_7)
FNDA:1,(anonymous_8)
FNDA:0,(anonymous_9)
FNDA:2,(anonymous_10)
FNDA:3,(anonymous_11)
FNDA:0,(anonymous_12)
FNDA:0,(anonymous_13)
FNDA:0,(anonymous_14)
FNDA:0,(anonymous_15)
FNDA:0,(anonymous_16)
FNDA:0,(anonymous_17)
DA:9,1
DA:10,1
DA:11,1
DA:14,1
DA:15,1
DA:17,1
DA:18,1
DA:20,1
DA:21,1
DA:22,0
DA:24,1
DA:26,0
DA:31,1
DA:32,3
DA:33,3
DA:34,3
DA:36,3
DA:37,3
DA:38,3
DA:39,3
DA:40,3
DA:41,3
DA:45,0
DA:48,3
DA:50,3
DA:51,3
DA:53,0
DA:56,3
DA:60,1
DA:66,1
DA:67,3
DA:68,3
DA:69,3
DA:74,1
DA:75,1
DA:76,1
DA:77,1
DA:79,0
DA:84,1
DA:86,1
DA:87,5
DA:88,5
DA:89,0
DA:92,5
DA:95,5
DA:98,5
DA:99,1
DA:103,4
DA:104,4
DA:106,4
DA:107,4
DA:108,4
DA:109,4
DA:110,4
DA:113,0
DA:117,4
DA:119,4
DA:121,1
DA:125,2
DA:131,1
DA:134,3
DA:140,3
DA:143,3
DA:144,3
DA:146,3
DA:148,0
DA:149,0
DA:158,3
DA:162,4
DA:163,3
DA:164,3
DA:167,3
DA:168,3
DA:173,3
DA:176,3
DA:177,3
DA:178,3
DA:193,3
DA:194,3
DA:197,3
DA:202,3
DA:203,0
DA:206,3
DA:208,3
DA:219,1
DA:228,1
DA:231,1
DA:239,1
DA:240,2
DA:241,2
DA:243,1
DA:245,1
DA:246,1
DA:252,0
DA:254,1
DA:256,1
DA:257,1
DA:261,1
DA:262,2
DA:263,2
DA:264,2
DA:265,2
DA:267,2
DA:269,1
DA:270,1
DA:271,1
DA:273,0
DA:274,0
DA:279,1
DA:280,3
DA:281,3
DA:282,3
DA:285,3
DA:286,1
DA:290,2
DA:291,2
DA:293,2
DA:295,1
DA:296,1
DA:299,1
DA:300,1
DA:301,1
DA:304,1
DA:309,1
DA:310,1
DA:313,0
DA:314,0
DA:315,0
DA:322,1
DA:323,0
DA:332,0
DA:334,0
DA:335,0
DA:338,0
DA:341,0
DA:342,0
DA:343,0
DA:345,0
DA:346,0
DA:347,0
DA:348,0
DA:351,0
DA:352,0
DA:353,0
DA:354,0
DA:355,0
DA:358,0
DA:359,0
DA:361,0
DA:372,0
DA:377,0
DA:380,0
DA:381,0
DA:382,0
DA:383,0
DA:385,0
DA:401,0
DA:402,0
DA:403,0
DA:408,1
DA:409,0
DA:410,0
DA:411,0
DA:412,0
DA:413,0
DA:416,0
DA:419,0
DA:430,0
DA:431,0
DA:432,0
DA:433,0
DA:436,0
DA:438,0
DA:439,0
DA:440,0
DA:443,0
DA:444,0
DA:445,0
DA:449,0
DA:450,0
DA:453,0
DA:454,0
DA:455,0
DA:457,0
DA:458,0
DA:461,0
DA:466,0
DA:467,0
DA:468,0
DA:469,0
DA:473,0
DA:476,0
DA:477,0
DA:482,0
DA:484,0
DA:487,0
DA:488,0
DA:489,0
LF:198
LH:114
BRDA:15,0,0,1
BRDA:15,0,1,0
BRDA:21,1,0,0
BRDA:21,1,1,1
BRDA:37,2,0,3
BRDA:37,2,1,0
BRDA:40,3,0,3
BRDA:40,3,1,0
BRDA:88,4,0,0
BRDA:88,4,1,5
BRDA:95,5,0,5
BRDA:95,5,1,1
BRDA:98,6,0,1
BRDA:98,6,1,4
BRDA:98,7,0,5
BRDA:98,7,1,4
BRDA:98,7,2,3
BRDA:98,7,3,3
BRDA:104,8,0,3
BRDA:104,8,1,1
BRDA:109,9,0,4
BRDA:109,9,1,0
BRDA:119,10,0,1
BRDA:119,10,1,3
BRDA:144,11,0,3
BRDA:144,11,1,1
BRDA:146,12,0,0
BRDA:146,12,1,3
BRDA:167,13,0,3
BRDA:167,13,1,0
BRDA:169,14,0,3
BRDA:169,14,1,0
BRDA:170,15,0,3
BRDA:170,15,1,0
BRDA:171,16,0,3
BRDA:171,16,1,0
BRDA:177,17,0,3
BRDA:177,17,1,2
BRDA:183,18,0,1
BRDA:183,18,1,2
BRDA:184,19,0,1
BRDA:184,19,1,2
BRDA:234,20,0,1
BRDA:234,20,1,0
BRDA:267,21,0,1
BRDA:267,21,1,1
BRDA:285,22,0,1
BRDA:285,22,1,2
BRDA:285,23,0,3
BRDA:285,23,1,3
BRDA:285,23,2,3
BRDA:285,23,3,3
BRDA:293,24,0,1
BRDA:293,24,1,1
BRDA:300,25,0,1
BRDA:300,25,1,0
BRDA:325,26,0,0
BRDA:326,27,0,0
BRDA:351,28,0,0
BRDA:351,28,1,0
BRDA:351,29,0,0
BRDA:351,29,1,0
BRDA:352,30,0,0
BRDA:352,30,1,0
BRDA:352,31,0,0
BRDA:352,31,1,0
BRDA:353,32,0,0
BRDA:353,32,1,0
BRDA:353,33,0,0
BRDA:353,33,1,0
BRDA:353,33,2,0
BRDA:354,34,0,0
BRDA:354,34,1,0
BRDA:354,35,0,0
BRDA:354,35,1,0
BRDA:354,35,2,0
BRDA:355,36,0,0
BRDA:355,36,1,0
BRDA:355,37,0,0
BRDA:355,37,1,0
BRDA:358,38,0,0
BRDA:358,38,1,0
BRDA:359,39,0,0
BRDA:359,39,1,0
BRDA:365,40,0,0
BRDA:365,40,1,0
BRDA:368,41,0,0
BRDA:368,41,1,0
BRDA:369,42,0,0
BRDA:369,42,1,0
BRDA:410,43,0,0
BRDA:436,44,0,0
BRDA:436,44,1,0
BRDA:439,45,0,0
BRDA:439,45,1,0
BRDA:440,46,0,0
BRDA:440,46,1,0
BRDA:443,47,0,0
BRDA:443,47,1,0
BRDA:449,48,0,0
BRDA:449,48,1,0
BRDA:450,49,0,0
BRDA:450,49,1,0
BRDA:454,50,0,0
BRDA:454,50,1,0
BRDA:458,51,0,0
BRDA:458,51,1,0
BRDA:466,52,0,0
BRDA:466,52,1,0
BRF:109
BRH:43
end_of_record
TN:
SF:src\api\health.js
FN:12,(anonymous_0)
FN:22,(anonymous_1)
FNF:2
FNH:2
FNDA:2,(anonymous_0)
FNDA:3,(anonymous_1)
DA:4,1
DA:6,1
DA:12,1
DA:13,2
DA:14,2
DA:17,2
DA:22,3
DA:24,2
DA:39,0
LF:9
LH:8
BRDA:25,0,0,1
BRDA:25,0,1,1
BRDA:32,1,0,2
BRDA:32,1,1,0
BRDA:36,2,0,2
BRDA:36,2,1,0
BRF:6
BRH:4
end_of_record
TN:
SF:src\repositories\BaseRepository.js
FN:11,(anonymous_0)
FN:12,(anonymous_1)
FN:16,(anonymous_2)
FN:29,(anonymous_3)
FN:33,(anonymous_4)
FN:44,(anonymous_5)
FN:59,(anonymous_6)
FN:62,(anonymous_7)
FN:71,(anonymous_8)
FN:78,(anonymous_9)
FN:88,(anonymous_10)
FN:89,(anonymous_11)
FN:99,(anonymous_12)
FN:100,(anonymous_13)
FN:111,(anonymous_14)
FN:117,(anonymous_15)
FN:127,(anonymous_16)
FN:130,(anonymous_17)
FN:143,(anonymous_18)
FN:149,(anonymous_19)
FN:163,(anonymous_20)
FN:168,(anonymous_21)
FN:172,(anonymous_22)
FNF:23
FNH:13
FNDA:13,(anonymous_0)
FNDA:13,(anonymous_1)
FNDA:26,(anonymous_2)
FNDA:73,(anonymous_3)
FNDA:10,(anonymous_4)
FNDA:1,(anonymous_5)
FNDA:26,(anonymous_6)
FNDA:20,(anonymous_7)
FNDA:1,(anonymous_8)
FNDA:0,(anonymous_9)
FNDA:0,(anonymous_10)
FNDA:0,(anonymous_11)
FNDA:2,(anonymous_12)
FNDA:4,(anonymous_13)
FNDA:9,(anonymous_14)
FNDA:6,(anonymous_15)
FNDA:0,(anonymous_16)
FNDA:0,(anonymous_17)
FNDA:0,(anonymous_18)
FNDA:0,(anonymous_19)
FNDA:0,(anonymous_20)
FNDA:0,(anonymous_21)
FNDA:0,(anonymous_22)
DA:9,2
DA:11,2
DA:12,13
DA:17,26
DA:18,26
DA:19,26
DA:24,26
DA:25,16
DA:30,73
DA:34,10
DA:41,10
DA:42,10
DA:44,1
DA:47,0
DA:55,10
DA:56,10
DA:60,26
DA:61,26
DA:62,20
DA:63,20
DA:68,7
DA:72,1
DA:74,1
DA:75,1
DA:76,0
DA:77,0
DA:78,0
DA:79,0
DA:84,0
DA:85,0
DA:88,0
DA:89,0
DA:90,0
DA:97,1
DA:98,1
DA:99,1
DA:100,2
DA:101,4
DA:102,0
DA:103,0
DA:107,1
DA:108,1
DA:112,9
DA:113,9
DA:115,9
DA:116,9
DA:117,6
DA:123,9
DA:124,9
DA:128,0
DA:129,0
DA:130,0
DA:133,0
DA:139,0
DA:140,0
DA:144,0
DA:145,0
DA:147,0
DA:148,0
DA:149,0
DA:152,0
DA:159,0
DA:160,0
DA:164,0
DA:165,0
DA:166,0
DA:167,0
DA:168,0
DA:169,0
DA:172,0
DA:173,0
DA:176,0
DA:184,0
DA:185,0
LF:74
LH:37
BRDA:24,0,0,16
BRDA:24,0,1,10
BRDA:30,1,0,54
BRDA:30,1,1,19
BRDA:42,2,0,1
BRDA:42,2,1,9
BRDA:61,3,0,20
BRDA:61,3,1,6
BRDA:63,4,0,19
BRDA:63,4,1,1
BRDA:68,5,0,7
BRDA:68,5,1,1
BRDA:71,6,0,0
BRDA:75,7,0,0
BRDA:75,7,1,1
BRDA:77,8,0,0
BRDA:77,8,1,0
BRDA:84,9,0,0
BRDA:84,9,1,0
BRDA:90,10,0,0
BRDA:90,10,1,0
BRDA:98,11,0,1
BRDA:98,11,1,0
BRDA:101,12,0,4
BRDA:101,12,1,0
BRDA:102,13,0,0
BRDA:102,13,1,0
BRDA:102,14,0,0
BRDA:102,14,1,0
BRDA:107,15,0,0
BRDA:107,15,1,1
BRDA:112,16,0,9
BRDA:112,16,1,0
BRDA:116,17,0,6
BRDA:116,17,1,3
BRDA:129,18,0,0
BRDA:129,18,1,0
BRDA:144,19,0,0
BRDA:144,19,1,0
BRDA:148,20,0,0
BRDA:148,20,1,0
BRDA:163,21,0,0
BRDA:165,22,0,0
BRDA:165,22,1,0
BRDA:167,23,0,0
BRDA:167,23,1,0
BRF:46
BRH:19
end_of_record
TN:
SF:src\repositories\LoopRepository.js
FN:14,(anonymous_0)
FN:36,(anonymous_1)
FN:43,(anonymous_2)
FN:52,(anonymous_3)
FN:74,(anonymous_4)
FN:84,(anonymous_5)
FN:100,(anonymous_6)
FN:108,(anonymous_7)
FN:120,(anonymous_8)
FN:143,(anonymous_9)
FN:178,(anonymous_10)
FN:204,(anonymous_11)
FN:208,(anonymous_12)
FN:246,(anonymous_13)
FN:250,(anonymous_14)
FNF:15
FNH:8
FNDA:0,(anonymous_0)
FNDA:11,(anonymous_1)
FNDA:9,(anonymous_2)
FNDA:9,(anonymous_3)
FNDA:1,(anonymous_4)
FNDA:1,(anonymous_5)
FNDA:0,(anonymous_6)
FNDA:0,(anonymous_7)
FNDA:1,(anonymous_8)
FNDA:1,(anonymous_9)
FNDA:1,(anonymous_10)
FNDA:0,(anonymous_11)
FNDA:0,(anonymous_12)
FNDA:0,(anonymous_13)
FNDA:0,(anonymous_14)
DA:11,1
DA:14,0
DA:18,1
DA:26,1
DA:37,11
DA:44,9
DA:45,2
DA:53,9
DA:56,7
DA:65,7
DA:75,1
DA:76,1
DA:85,1
DA:91,1
DA:101,0
DA:108,0
DA:109,0
DA:121,1
DA:127,1
DA:133,1
DA:144,1
DA:145,1
DA:147,1
DA:148,1
DA:149,0
DA:152,1
DA:159,1
DA:161,1
DA:168,1
DA:179,1
DA:180,1
DA:182,1
DA:183,1
DA:184,0
DA:187,1
DA:194,1
DA:205,0
DA:206,0
DA:208,0
DA:214,0
DA:215,0
DA:218,0
DA:228,0
DA:230,0
DA:238,0
DA:247,0
DA:250,0
DA:254,1
LF:48
LH:31
BRDA:44,0,0,2
BRDA:44,0,1,7
BRDA:44,1,0,9
BRDA:44,1,1,8
BRDA:58,2,0,7
BRDA:58,2,1,0
BRDA:59,3,0,7
BRDA:59,3,1,0
BRDA:109,4,0,0
BRDA:109,4,1,0
BRDA:109,4,2,0
BRDA:145,5,0,0
BRDA:145,5,1,1
BRDA:148,6,0,0
BRDA:148,6,1,1
BRDA:148,7,0,1
BRDA:148,7,1,1
BRDA:180,8,0,0
BRDA:180,8,1,1
BRDA:183,9,0,0
BRDA:183,9,1,1
BRDA:183,10,0,1
BRDA:183,10,1,1
BRDA:206,11,0,0
BRDA:206,11,1,0
BRDA:208,12,0,0
BRDA:208,12,1,0
BRDA:214,13,0,0
BRDA:214,13,1,0
BRDA:214,14,0,0
BRDA:214,14,1,0
BRDA:225,15,0,0
BRDA:225,15,1,0
BRF:33
BRH:14
end_of_record
TN:
SF:src\repositories\PricingRepository.js
FN:21,(anonymous_0)
FN:28,(anonymous_1)
FN:67,(anonymous_2)
FN:82,(anonymous_3)
FN:110,(anonymous_4)
FN:121,(anonymous_5)
FN:133,(anonymous_6)
FN:140,(anonymous_7)
FNF:8
FNH:6
FNDA:14,(anonymous_0)
FNDA:19,(anonymous_1)
FNDA:14,(anonymous_2)
FNDA:6,(anonymous_3)
FNDA:36,(anonymous_4)
FNDA:0,(anonymous_5)
FNDA:0,(anonymous_6)
FNDA:4,(anonymous_7)
DA:7,1
DA:22,14
DA:29,19
DA:31,19
DA:34,19
DA:35,19
DA:36,19
DA:37,19
DA:38,19
DA:39,19
DA:43,19
DA:44,19
DA:46,19
DA:48,13
DA:49,13
DA:57,19
DA:58,19
DA:60,19
DA:68,14
DA:69,14
DA:71,1
DA:74,13
DA:83,6
DA:86,6
DA:87,6
DA:88,6
DA:89,6
DA:90,6
DA:94,6
DA:97,6
DA:98,4
DA:99,4
DA:102,6
DA:109,6
DA:110,6
DA:111,36
DA:114,6
DA:115,6
DA:122,0
DA:123,0
DA:134,0
DA:141,4
DA:142,4
DA:145,4
DA:148,4
DA:149,1
DA:152,3
DA:153,4
DA:154,2
DA:155,2
DA:160,4
DA:161,4
DA:163,4
DA:173,1
LF:54
LH:51
BRDA:29,0,0,0
BRDA:29,0,1,19
BRDA:35,1,0,19
BRDA:35,1,1,13
BRDA:35,1,2,13
BRDA:36,2,0,19
BRDA:36,2,1,2
BRDA:36,2,2,0
BRDA:37,3,0,19
BRDA:37,3,1,13
BRDA:37,3,2,13
BRDA:38,4,0,19
BRDA:38,4,1,13
BRDA:38,4,2,13
BRDA:39,5,0,19
BRDA:39,5,1,13
BRDA:39,5,2,13
BRDA:43,6,0,19
BRDA:43,6,1,3
BRDA:43,6,2,1
BRDA:48,7,0,0
BRDA:48,7,1,13
BRDA:50,8,0,13
BRDA:50,8,1,0
BRDA:51,9,0,13
BRDA:51,9,1,10
BRDA:52,10,0,13
BRDA:52,10,1,10
BRDA:53,11,0,13
BRDA:53,11,1,0
BRDA:57,12,0,19
BRDA:57,12,1,9
BRDA:57,12,2,8
BRDA:58,13,0,19
BRDA:58,13,1,10
BRDA:58,13,2,10
BRDA:69,14,0,1
BRDA:69,14,1,13
BRDA:82,15,0,4
BRDA:87,16,0,2
BRDA:87,16,1,4
BRDA:88,17,0,0
BRDA:88,17,1,6
BRDA:89,18,0,0
BRDA:89,18,1,6
BRDA:90,19,0,0
BRDA:90,19,1,6
BRDA:94,20,0,6
BRDA:94,20,1,5
BRDA:97,21,0,4
BRDA:97,21,1,2
BRDA:97,22,0,6
BRDA:97,22,1,5
BRDA:111,23,0,0
BRDA:111,23,1,36
BRDA:140,24,0,2
BRDA:148,25,0,1
BRDA:148,25,1,3
BRDA:148,26,0,4
BRDA:148,26,1,2
BRDA:153,27,0,2
BRDA:153,27,1,2
BRDA:160,28,0,4
BRDA:160,28,1,0
BRDA:161,29,0,2
BRDA:161,29,1,2
BRDA:161,30,0,2
BRDA:161,30,1,0
BRF:68
BRH:57
end_of_record
TN:
SF:src\repositories\SchedulingAuditRepository.js
FN:4,(anonymous_0)
FN:11,(anonymous_1)
FN:23,(anonymous_2)
FNF:3
FNH:2
FNDA:1,(anonymous_0)
FNDA:2,(anonymous_1)
FNDA:0,(anonymous_2)
DA:5,1
DA:12,2
DA:13,2
DA:24,0
DA:31,1
LF:5
LH:4
BRF:0
BRH:0
end_of_record
TN:
SF:src\services\BusinessHoursService.js
FN:11,(anonymous_0)
FN:30,(anonymous_1)
FN:53,(anonymous_2)
FN:60,(anonymous_3)
FN:68,(anonymous_4)
FN:78,(anonymous_5)
FN:82,(anonymous_6)
FN:83,(anonymous_7)
FN:90,(anonymous_8)
FNF:9
FNH:4
FNDA:3,(anonymous_0)
FNDA:1,(anonymous_1)
FNDA:0,(anonymous_2)
FNDA:0,(anonymous_3)
FNDA:1,(anonymous_4)
FNDA:0,(anonymous_5)
FNDA:0,(anonymous_6)
FNDA:0,(anonymous_7)
FNDA:1,(anonymous_8)
DA:13,3
DA:14,3
DA:15,1
DA:25,2
DA:26,2
DA:27,2
DA:29,2
DA:30,2
DA:32,2
DA:33,1
DA:42,1
DA:54,0
DA:61,0
DA:62,0
DA:69,1
DA:70,1
DA:72,0
DA:79,0
DA:83,0
DA:84,0
DA:85,0
DA:91,1
DA:92,0
DA:94,1
DA:95,1
DA:100,1
LF:26
LH:17
BRDA:14,0,0,1
BRDA:14,0,1,2
BRDA:32,1,0,1
BRDA:32,1,1,1
BRDA:69,2,0,1
BRDA:69,2,1,0
BRDA:84,3,0,0
BRDA:84,3,1,0
BRDA:91,4,0,0
BRDA:91,4,1,1
BRDA:91,5,0,1
BRDA:91,5,1,1
BRDA:94,6,0,1
BRDA:94,6,1,0
BRF:14
BRH:9
end_of_record
TN:
SF:src\utils\ResilienceUtility.js
FN:11,withRetry
FN:38,(anonymous_1)
FN:48,(anonymous_2)
FN:58,(anonymous_3)
FN:79,(anonymous_4)
FN:87,(anonymous_5)
FN:100,(anonymous_6)
FNF:7
FNH:6
FNDA:2,withRetry
FNDA:2,(anonymous_1)
FNDA:28,(anonymous_2)
FNDA:30,(anonymous_3)
FNDA:27,(anonymous_4)
FNDA:2,(anonymous_5)
FNDA:0,(anonymous_6)
DA:17,2
DA:20,2
DA:21,4
DA:22,4
DA:24,3
DA:25,3
DA:27,2
DA:32,2
DA:37,2
DA:38,2
DA:41,1
DA:49,28
DA:50,28
DA:51,28
DA:53,28
DA:54,28
DA:55,28
DA:59,30
DA:60,1
DA:61,1
DA:62,0
DA:63,0
DA:65,1
DA:69,29
DA:70,29
DA:71,27
DA:72,27
DA:74,2
DA:75,2
DA:80,27
DA:81,0
DA:83,27
DA:84,27
DA:88,2
DA:89,2
DA:91,2
DA:92,1
DA:93,1
DA:101,0
LF:39
LH:35
BRDA:11,0,0,0
BRDA:13,1,0,0
BRDA:14,2,0,0
BRDA:15,3,0,2
BRDA:16,4,0,2
BRDA:25,5,0,1
BRDA:25,5,1,2
BRDA:37,6,0,0
BRDA:37,6,1,2
BRDA:48,7,0,1
BRDA:50,8,0,28
BRDA:50,8,1,1
BRDA:51,9,0,28
BRDA:51,9,1,2
BRDA:59,10,0,1
BRDA:59,10,1,29
BRDA:61,11,0,0
BRDA:61,11,1,1
BRDA:80,12,0,0
BRDA:80,12,1,27
BRDA:91,13,0,1
BRDA:91,13,1,1
BRDA:91,14,0,2
BRDA:91,14,1,1
BRF:24
BRH:18
end_of_record
TN:
SF:src\utils\logger.js
FN:41,(anonymous_0)
FN:43,(anonymous_1)
FNF:2
FNH:0
FNDA:0,(anonymous_0)
FNDA:0,(anonymous_1)
DA:4,2
DA:10,2
DA:22,2
DA:23,2
DA:29,2
DA:41,2
DA:42,0
DA:43,0
DA:44,0
DA:45,0
DA:54,0
LF:11
LH:6
BRDA:12,0,0,0
BRDA:12,0,1,2
BRDA:22,1,0,2
BRDA:22,1,1,0
BRDA:22,2,0,2
BRDA:22,2,1,2
BRDA:30,3,0,2
BRDA:30,3,1,2
BRDA:34,4,0,2
BRDA:34,4,1,0
BRF:10
BRH:7
end_of_record
